# JRE version: OpenJDK Runtime Environment (8.0_292-b10) (build 1.8.0_292-8u292-b10-0ubuntu1~20.04-b10)
# Java VM: OpenJDK 64-Bit Server VM (25.292-b10 mixed mode linux-amd64 compressed oops)
Heap:
 PSYoungGen      total 73728K, used 27182K [0x000000076e000000, 0x0000000774680000, 0x00000007c0000000)
  eden space 63488K, 26% used [0x000000076e000000,0x000000076f08d068,0x0000000771e00000)
  from space 10240K, 99% used [0x0000000771e00000,0x00000007727fe800,0x0000000772800000)
  to   space 10240K, 0% used [0x0000000773c80000,0x0000000773c80000,0x0000000774680000)
 ParOldGen       total 112128K, used 7646K [0x00000006ca000000, 0x00000006d0d80000, 0x000000076e000000)
  object space 112128K, 6% used [0x00000006ca000000,0x00000006ca777920,0x00000006d0d80000)
 Metaspace       used 31103K, capacity 31694K, committed 31872K, reserved 1077248K
  class space    used 4019K, capacity 4155K, committed 4224K, reserved 1048576K
GC Heap History (8 events):
Event: 0,937 GC heap before
{Heap before GC invocations=1 (full 0):
 PSYoungGen      total 73728K, used 63488K [0x000000076e000000, 0x0000000773200000, 0x00000007c0000000)
  eden space 63488K, 100% used [0x000000076e000000,0x0000000771e00000,0x0000000771e00000)
  from space 10240K, 0% used [0x0000000772800000,0x0000000772800000,0x0000000773200000)
  to   space 10240K, 0% used [0x0000000771e00000,0x0000000771e00000,0x0000000772800000)
 ParOldGen       total 167936K, used 0K [0x00000006ca000000, 0x00000006d4400000, 0x000000076e000000)
  object space 167936K, 0% used [0x00000006ca000000,0x00000006ca000000,0x00000006d4400000)
 Metaspace       used 19269K, capacity 19672K, committed 19968K, reserved 1067008K
  class space    used 2430K, capacity 2540K, committed 2560K, reserved 1048576K
Event: 0,944 GC heap after
Heap after GC invocations=1 (full 0):
 PSYoungGen      total 73728K, used 10227K [0x000000076e000000, 0x0000000773200000, 0x00000007c0000000)
  eden space 63488K, 0% used [0x000000076e000000,0x000000076e000000,0x0000000771e00000)
  from space 10240K, 99% used [0x0000000771e00000,0x00000007727fccb0,0x0000000772800000)
  to   space 10240K, 0% used [0x0000000772800000,0x0000000772800000,0x0000000773200000)
 ParOldGen       total 167936K, used 3106K [0x00000006ca000000, 0x00000006d4400000, 0x000000076e000000)
  object space 167936K, 1% used [0x00000006ca000000,0x00000006ca308980,0x00000006d4400000)
 Metaspace       used 19269K, capacity 19672K, committed 19968K, reserved 1067008K
  class space    used 2430K, capacity 2540K, committed 2560K, reserved 1048576K
}
Event: 1,113 GC heap before
{Heap before GC invocations=2 (full 0):
 PSYoungGen      total 73728K, used 28867K [0x000000076e000000, 0x0000000773200000, 0x00000007c0000000)
  eden space 63488K, 29% used [0x000000076e000000,0x000000076f2341a8,0x0000000771e00000)
  from space 10240K, 99% used [0x0000000771e00000,0x00000007727fccb0,0x0000000772800000)
  to   space 10240K, 0% used [0x0000000772800000,0x0000000772800000,0x0000000773200000)
 ParOldGen       total 167936K, used 3106K [0x00000006ca000000, 0x00000006d4400000, 0x000000076e000000)
  object space 167936K, 1% used [0x00000006ca000000,0x00000006ca308980,0x00000006d4400000)
 Metaspace       used 20743K, capacity 21170K, committed 21248K, reserved 1067008K
  class space    used 2607K, capacity 2747K, committed 2816K, reserved 1048576K
Event: 1,117 GC heap after
Heap after GC invocations=2 (full 0):
 PSYoungGen      total 73728K, used 6769K [0x000000076e000000, 0x0000000777000000, 0x00000007c0000000)
  eden space 63488K, 0% used [0x000000076e000000,0x000000076e000000,0x0000000771e00000)
  from space 10240K, 66% used [0x0000000772800000,0x0000000772e9c630,0x0000000773200000)
  to   space 10240K, 0% used [0x0000000771e00000,0x0000000771e00000,0x0000000772800000)
 ParOldGen       total 167936K, used 3114K [0x00000006ca000000, 0x00000006d4400000, 0x000000076e000000)
  object space 167936K, 1% used [0x00000006ca000000,0x00000006ca30a980,0x00000006d4400000)
 Metaspace       used 20743K, capacity 21170K, committed 21248K, reserved 1067008K
  class space    used 2607K, capacity 2747K, committed 2816K, reserved 1048576K
}
Event: 1,117 GC heap before
{Heap before GC invocations=3 (full 1):
 PSYoungGen      total 73728K, used 6769K [0x000000076e000000, 0x0000000777000000, 0x00000007c0000000)
  eden space 63488K, 0% used [0x000000076e000000,0x000000076e000000,0x0000000771e00000)
  from space 10240K, 66% used [0x0000000772800000,0x0000000772e9c630,0x0000000773200000)
  to   space 10240K, 0% used [0x0000000771e00000,0x0000000771e00000,0x0000000772800000)
 ParOldGen       total 167936K, used 3114K [0x00000006ca000000, 0x00000006d4400000, 0x000000076e000000)
  object space 167936K, 1% used [0x00000006ca000000,0x00000006ca30a980,0x00000006d4400000)
 Metaspace       used 20743K, capacity 21170K, committed 21248K, reserved 1067008K
  class space    used 2607K, capacity 2747K, committed 2816K, reserved 1048576K
Event: 1,143 GC heap after
Heap after GC invocations=3 (full 1):
 PSYoungGen      total 73728K, used 0K [0x000000076e000000, 0x0000000777000000, 0x00000007c0000000)
  eden space 63488K, 0% used [0x000000076e000000,0x000000076e000000,0x0000000771e00000)
  from space 10240K, 0% used [0x0000000772800000,0x0000000772800000,0x0000000773200000)
  to   space 10240K, 0% used [0x0000000771e00000,0x0000000771e00000,0x0000000772800000)
 ParOldGen       total 112128K, used 6579K [0x00000006ca000000, 0x00000006d0d80000, 0x000000076e000000)
  object space 112128K, 5% used [0x00000006ca000000,0x00000006ca66cdb0,0x00000006d0d80000)
 Metaspace       used 20743K, capacity 21170K, committed 21248K, reserved 1067008K
  class space    used 2607K, capacity 2747K, committed 2816K, reserved 1048576K
}
Event: 7,342 GC heap before
{Heap before GC invocations=4 (full 1):
 PSYoungGen      total 73728K, used 63488K [0x000000076e000000, 0x0000000777000000, 0x00000007c0000000)
  eden space 63488K, 100% used [0x000000076e000000,0x0000000771e00000,0x0000000771e00000)
  from space 10240K, 0% used [0x0000000772800000,0x0000000772800000,0x0000000773200000)
  to   space 10240K, 0% used [0x0000000771e00000,0x0000000771e00000,0x0000000772800000)
 ParOldGen       total 112128K, used 6579K [0x00000006ca000000, 0x00000006d0d80000, 0x000000076e000000)
  object space 112128K, 5% used [0x00000006ca000000,0x00000006ca66cdb0,0x00000006d0d80000)
 Metaspace       used 29781K, capacity 30330K, committed 30464K, reserved 1075200K
  class space    used 3867K, capacity 4017K, committed 4096K, reserved 1048576K
Event: 7,352 GC heap after
Heap after GC invocations=4 (full 1):
 PSYoungGen      total 73728K, used 10234K [0x000000076e000000, 0x0000000774680000, 0x00000007c0000000)
  eden space 63488K, 0% used [0x000000076e000000,0x000000076e000000,0x0000000771e00000)
  from space 10240K, 99% used [0x0000000771e00000,0x00000007727fe800,0x0000000772800000)
  to   space 10240K, 0% used [0x0000000773c80000,0x0000000773c80000,0x0000000774680000)
 ParOldGen       total 112128K, used 7646K [0x00000006ca000000, 0x00000006d0d80000, 0x000000076e000000)
  object space 112128K, 6% used [0x00000006ca000000,0x00000006ca777920,0x00000006d0d80000)
 Metaspace       used 29781K, capacity 30330K, committed 30464K, reserved 1075200K
  class space    used 3867K, capacity 4017K, committed 4096K, reserved 1048576K
}

